/scicore/home/wagner0024/shandi0000/2025-msc-parth-shandilya/env/lib/python3.6/site-packages/torch/nn/functional.py:2404: UserWarning: nn.functional.upsample is deprecated. Use nn.functional.interpolate instead.
  warnings.warn("nn.functional.upsample is deprecated. Use nn.functional.interpolate instead.")
Traceback (most recent call last):
  File "MyTrain_LungInf_NoCuDNN.py", line 10, in <module>
    exec(open('MyTrain_LungInf.py').read())
  File "<string>", line 194, in <module>
  File "<string>", line 54, in train
  File "/scicore/home/wagner0024/shandi0000/2025-msc-parth-shandilya/env/lib/python3.6/site-packages/torch/nn/modules/module.py", line 541, in __call__
    result = self.forward(*input, **kwargs)
  File "/scicore/home/wagner0024/shandi0000/2025-msc-parth-shandilya/code/inf-net/Code/model_lung_infection/InfNet_VGGNet.py", line 145, in forward
    x = self.vgg.conv1(x)   # torch.Size([1, 64, 352, 352])
  File "/scicore/home/wagner0024/shandi0000/2025-msc-parth-shandilya/env/lib/python3.6/site-packages/torch/nn/modules/module.py", line 541, in __call__
    result = self.forward(*input, **kwargs)
  File "/scicore/home/wagner0024/shandi0000/2025-msc-parth-shandilya/env/lib/python3.6/site-packages/torch/nn/modules/container.py", line 92, in forward
    input = module(input)
  File "/scicore/home/wagner0024/shandi0000/2025-msc-parth-shandilya/env/lib/python3.6/site-packages/torch/nn/modules/module.py", line 541, in __call__
    result = self.forward(*input, **kwargs)
  File "/scicore/home/wagner0024/shandi0000/2025-msc-parth-shandilya/env/lib/python3.6/site-packages/torch/nn/modules/conv.py", line 345, in forward
    return self.conv2d_forward(input, self.weight)
  File "/scicore/home/wagner0024/shandi0000/2025-msc-parth-shandilya/env/lib/python3.6/site-packages/torch/nn/modules/conv.py", line 342, in conv2d_forward
    self.padding, self.dilation, self.groups)
RuntimeError: CUDA error: CUBLAS_STATUS_EXECUTION_FAILED when calling `cublasSgemm( handle, opa, opb, m, n, k, &alpha, a, lda, b, ldb, &beta, c, ldc)`
