/scicore/home/wagner0024/shandi0000/2025-msc-parth-shandilya/env/lib/python3.6/site-packages/torch/nn/functional.py:2404: UserWarning: nn.functional.upsample is deprecated. Use nn.functional.interpolate instead.
  warnings.warn("nn.functional.upsample is deprecated. Use nn.functional.interpolate instead.")
Traceback (most recent call last):
  File "MyTrain_LungInf.py", line 194, in <module>
    train(train_loader, model, optimizer, epoch, train_save)
  File "MyTrain_LungInf.py", line 54, in train
    lateral_map_5, lateral_map_4, lateral_map_3, lateral_map_2, lateral_edge = model(images)
  File "/scicore/home/wagner0024/shandi0000/2025-msc-parth-shandilya/env/lib/python3.6/site-packages/torch/nn/modules/module.py", line 541, in __call__
    result = self.forward(*input, **kwargs)
  File "/scicore/home/wagner0024/shandi0000/2025-msc-parth-shandilya/code/inf-net/Code/model_lung_infection/InfNet_Res2Net.py", line 145, in forward
    x = self.resnet.conv1(x)
  File "/scicore/home/wagner0024/shandi0000/2025-msc-parth-shandilya/env/lib/python3.6/site-packages/torch/nn/modules/module.py", line 541, in __call__
    result = self.forward(*input, **kwargs)
  File "/scicore/home/wagner0024/shandi0000/2025-msc-parth-shandilya/env/lib/python3.6/site-packages/torch/nn/modules/container.py", line 92, in forward
    input = module(input)
  File "/scicore/home/wagner0024/shandi0000/2025-msc-parth-shandilya/env/lib/python3.6/site-packages/torch/nn/modules/module.py", line 541, in __call__
    result = self.forward(*input, **kwargs)
  File "/scicore/home/wagner0024/shandi0000/2025-msc-parth-shandilya/env/lib/python3.6/site-packages/torch/nn/modules/batchnorm.py", line 81, in forward
    exponential_average_factor, self.eps)
  File "/scicore/home/wagner0024/shandi0000/2025-msc-parth-shandilya/env/lib/python3.6/site-packages/torch/nn/functional.py", line 1670, in batch_norm
    training, momentum, eps, torch.backends.cudnn.enabled
RuntimeError: cuDNN error: CUDNN_STATUS_EXECUTION_FAILED
